<?xml version="1.0" encoding="UTF-8"?>
<!-- Generated by org.testng.reporters.JUnitXMLReporter -->
<testsuite ignored="2" hostname="sk" failures="0" tests="3" name="RegressionTesting k" time="0.013" errors="0" timestamp="2025-08-26T20:06:34 IST">
  <testcase classname="annotations.GroupTest" name="addToCartTest" time="0.001"/>
  <testcase classname="annotations.GroupTest" name="checkoutTest" time="0.002"/>
  <testcase classname="annotations.GroupTest" name="searchTest" time="0.001"/>
  <testcase classname="annotations.GroupTest" name="sanity" time="0.0">
    <ignored/>
  </testcase> <!-- sanity -->
  <testcase classname="annotations.GroupTest" name="loginTest" time="0.0">
    <ignored/>
  </testcase> <!-- loginTest -->
</testsuite> <!-- RegressionTesting k -->
