<?xml version="1.0" encoding="UTF-8"?>
<!-- Generated by org.testng.reporters.JUnitXMLReporter -->
<testsuite ignored="3" hostname="sk" failures="0" tests="2" name="smokeTesting " time="0.048" errors="0" timestamp="2025-08-26T19:59:15 IST">
  <testcase classname="annotations.GroupTest" name="addToCartTest" time="0.008"/>
  <testcase classname="annotations.GroupTest" name="loginTest" time="0.001"/>
  <testcase classname="annotations.GroupTest" name="sanity" time="0.0">
    <ignored/>
  </testcase> <!-- sanity -->
  <testcase classname="annotations.GroupTest" name="searchTest" time="0.0">
    <ignored/>
  </testcase> <!-- searchTest -->
  <testcase classname="annotations.GroupTest" name="checkoutTest" time="0.0">
    <ignored/>
  </testcase> <!-- checkoutTest -->
</testsuite> <!-- smokeTesting  -->
