<?xml version="1.0" encoding="UTF-8"?>
<!-- Generated by org.testng.reporters.JUnitXMLReporter -->
<testsuite ignored="2" hostname="sk" failures="0" tests="3" name="smokeTesting k" time="0.073" errors="0" timestamp="2025-08-26T19:58:27 IST">
  <testcase classname="annotations.GroupTest" name="addToCartTest" time="0.013"/>
  <testcase classname="annotations.GroupTest" name="loginTest" time="0.001"/>
  <testcase classname="annotations.GroupTest" name="sanity" time="0.001"/>
  <testcase classname="annotations.GroupTest" name="searchTest" time="0.0">
    <ignored/>
  </testcase> <!-- searchTest -->
  <testcase classname="annotations.GroupTest" name="checkoutTest" time="0.0">
    <ignored/>
  </testcase> <!-- checkoutTest -->
</testsuite> <!-- smokeTesting k -->
