<?xml version="1.0" encoding="UTF-8"?>
<!-- Generated by org.testng.reporters.JUnitXMLReporter -->
<testsuite ignored="23" hostname="sk" failures="0" tests="2" name="smokeTesting " time="0.062" errors="0" timestamp="2025-08-26T20:06:34 IST">
  <testcase classname="annotations.GroupTest" name="addToCartTest" time="0.01"/>
  <testcase classname="annotations.GroupTest" name="loginTest" time="0.001"/>
  <testcase classname="annotations.DependencyTest" name="searchTest" time="0.0">
    <ignored/>
  </testcase> <!-- searchTest -->
  <testcase classname="annotations.PriorityTest" name="A" time="0.0">
    <ignored/>
  </testcase> <!-- A -->
  <testcase classname="annotations.LoginTests" name="loginValidUser" time="0.0">
    <ignored/>
  </testcase> <!-- loginValidUser -->
  <testcase classname="annotations.PriorityTest" name="B" time="0.0">
    <ignored/>
  </testcase> <!-- B -->
  <testcase classname="annotations.FirstTest" name="testOne" time="0.0">
    <ignored/>
  </testcase> <!-- testOne -->
  <testcase classname="annotations.LoginTests" name="loginInvalidUser" time="0.0">
    <ignored/>
  </testcase> <!-- loginInvalidUser -->
  <testcase classname="annotations.SecondTest" name="loginTest" time="0.0">
    <ignored/>
  </testcase> <!-- loginTest -->
  <testcase classname="annotations.FirstTest" name="testHello" time="0.0">
    <ignored/>
  </testcase> <!-- testHello -->
  <testcase classname="annotations.PriorityTest" name="C" time="0.0">
    <ignored/>
  </testcase> <!-- C -->
  <testcase classname="annotations.AnnotationsTests" name="paymentTest" time="0.0">
    <ignored/>
  </testcase> <!-- paymentTest -->
  <testcase classname="annotations.SecondTest" name="searchTest" time="0.0">
    <ignored/>
  </testcase> <!-- searchTest -->
  <testcase classname="annotations.GroupTest" name="searchTest" time="0.0">
    <ignored/>
  </testcase> <!-- searchTest -->
  <testcase classname="annotations.AnnotationsTests" name="addToCartTest" time="0.0">
    <ignored/>
  </testcase> <!-- addToCartTest -->
  <testcase classname="annotations.AnnotationsTests" name="loginTest" time="0.0">
    <ignored/>
  </testcase> <!-- loginTest -->
  <testcase classname="annotations.GroupTest" name="checkoutTest" time="0.0">
    <ignored/>
  </testcase> <!-- checkoutTest -->
  <testcase classname="annotations.AnnotationsTests" name="searchProductTest" time="0.0">
    <ignored/>
  </testcase> <!-- searchProductTest -->
  <testcase classname="annotations.SecondTest" name="checkoutTest" time="0.0">
    <ignored/>
  </testcase> <!-- checkoutTest -->
  <testcase classname="annotations.GroupTest" name="sanity" time="0.0">
    <ignored/>
  </testcase> <!-- sanity -->
  <testcase classname="annotations.SearchTests" name="searchProduct" time="0.0">
    <ignored/>
  </testcase> <!-- searchProduct -->
  <testcase classname="annotations.DependencyTest" name="loginTest" time="0.0">
    <ignored/>
  </testcase> <!-- loginTest -->
  <testcase classname="annotations.FirstTest" name="testThree" time="0.0">
    <ignored/>
  </testcase> <!-- testThree -->
  <testcase classname="annotations.DependencyTest" name="checkoutTest" time="0.0">
    <ignored/>
  </testcase> <!-- checkoutTest -->
  <testcase classname="annotations.FirstTest" name="testTwo" time="0.0">
    <ignored/>
  </testcase> <!-- testTwo -->
</testsuite> <!-- smokeTesting  -->
