<?xml version="1.0" encoding="UTF-8"?>
<!-- Generated by org.testng.reporters.JUnitXMLReporter -->
<testsuite ignored="0" hostname="sk" failures="0" tests="4" name="Default test" time="0.065" errors="0" timestamp="2025-08-26T19:33:14 IST">
  <testcase classname="annotations.GroupTest" name="addToCartTest" time="0.008"/>
  <testcase classname="annotations.GroupTest" name="checkoutTest" time="0.001"/>
  <testcase classname="annotations.GroupTest" name="loginTest" time="0.001"/>
  <testcase classname="annotations.GroupTest" name="searchTest" time="0.001"/>
</testsuite> <!-- Default test -->
