<?xml version="1.0" encoding="UTF-8"?>
<!-- Generated by org.testng.reporters.JUnitXMLReporter -->
<testsuite ignored="0" hostname="sk" failures="0" tests="3" name="Priority" time="0.017" errors="0" timestamp="2025-08-26T18:47:12 IST">
  <testcase classname="annotations.PriorityTest" name="loginTest" time="0.001"/>
  <testcase classname="annotations.PriorityTest" name="searchTest" time="0.002"/>
  <testcase classname="annotations.PriorityTest" name="checkoutTest" time="0.002"/>
</testsuite> <!-- Priority -->
