<?xml version="1.0" encoding="UTF-8"?>
<testng-results ignored="5" total="10" passed="5" failed="0" skipped="0">
  <reporter-output>
  </reporter-output>
  <suite started-at="2025-08-26T19:59:15 IST" name="Group" finished-at="2025-08-26T19:59:15 IST" duration-ms="120">
    <groups>
      <group name="regression">
        <method signature="GroupTest.addToCartTest()[pri:0, instance:annotations.GroupTest@2d7275fc]" name="addToCartTest" class="annotations.GroupTest"/>
        <method signature="GroupTest.addToCartTest()[pri:0, instance:annotations.GroupTest@776aec5c]" name="addToCartTest" class="annotations.GroupTest"/>
        <method signature="GroupTest.checkoutTest()[pri:0, instance:annotations.GroupTest@776aec5c]" name="checkoutTest" class="annotations.GroupTest"/>
        <method signature="GroupTest.searchTest()[pri:0, instance:annotations.GroupTest@776aec5c]" name="searchTest" class="annotations.GroupTest"/>
      </group> <!-- regression -->
      <group name="smoke">
        <method signature="GroupTest.addToCartTest()[pri:0, instance:annotations.GroupTest@2d7275fc]" name="addToCartTest" class="annotations.GroupTest"/>
        <method signature="GroupTest.loginTest()[pri:0, instance:annotations.GroupTest@2d7275fc]" name="loginTest" class="annotations.GroupTest"/>
        <method signature="GroupTest.addToCartTest()[pri:0, instance:annotations.GroupTest@776aec5c]" name="addToCartTest" class="annotations.GroupTest"/>
      </group> <!-- smoke -->
    </groups>
    <test started-at="2025-08-26T19:59:15 IST" name="smokeTesting " finished-at="2025-08-26T19:59:15 IST" duration-ms="48">
      <class name="annotations.GroupTest">
        <test-method signature="addToCartTest()[pri:0, instance:annotations.GroupTest@2d7275fc]" started-at="2025-08-26T19:59:15 IST" name="addToCartTest" finished-at="2025-08-26T19:59:15 IST" duration-ms="8" status="PASS">
          <reporter-output>
          </reporter-output>
        </test-method> <!-- addToCartTest -->
        <test-method signature="loginTest()[pri:0, instance:annotations.GroupTest@2d7275fc]" started-at="2025-08-26T19:59:15 IST" name="loginTest" finished-at="2025-08-26T19:59:15 IST" duration-ms="1" status="PASS">
          <reporter-output>
          </reporter-output>
        </test-method> <!-- loginTest -->
      </class> <!-- annotations.GroupTest -->
    </test> <!-- smokeTesting  -->
    <test started-at="2025-08-26T19:59:15 IST" name="RegressionTesting k" finished-at="2025-08-26T19:59:15 IST" duration-ms="10">
      <class name="annotations.GroupTest">
        <test-method signature="addToCartTest()[pri:0, instance:annotations.GroupTest@776aec5c]" started-at="2025-08-26T19:59:15 IST" name="addToCartTest" finished-at="2025-08-26T19:59:15 IST" duration-ms="2" status="PASS">
          <reporter-output>
          </reporter-output>
        </test-method> <!-- addToCartTest -->
        <test-method signature="checkoutTest()[pri:0, instance:annotations.GroupTest@776aec5c]" started-at="2025-08-26T19:59:15 IST" name="checkoutTest" finished-at="2025-08-26T19:59:15 IST" duration-ms="1" status="PASS">
          <reporter-output>
          </reporter-output>
        </test-method> <!-- checkoutTest -->
        <test-method signature="searchTest()[pri:0, instance:annotations.GroupTest@776aec5c]" started-at="2025-08-26T19:59:15 IST" name="searchTest" finished-at="2025-08-26T19:59:15 IST" duration-ms="1" status="PASS">
          <reporter-output>
          </reporter-output>
        </test-method> <!-- searchTest -->
      </class> <!-- annotations.GroupTest -->
    </test> <!-- RegressionTesting k -->
  </suite> <!-- Group -->
</testng-results>
